<?xml version="1.0" encoding="UTF-8"?>
<testng-results skipped="0" failed="0" ignored="0" total="1" passed="1">
  <reporter-output>
  </reporter-output>
  <suite name="Default suite" duration-ms="4829" started-at="2020-01-15T13:40:28Z" finished-at="2020-01-15T13:40:33Z">
    <groups>
    </groups>
    <test name="Default test" duration-ms="4829" started-at="2020-01-15T13:40:28Z" finished-at="2020-01-15T13:40:33Z">
      <class name="sample02.Sample_read02">
        <test-method status="PASS" signature="getdata()[pri:0, instance:sample02.Sample_read02@5b275dab]" name="getdata" duration-ms="4784" started-at="2020-01-15T13:40:28Z" finished-at="2020-01-15T13:40:33Z">
          <reporter-output>
          </reporter-output>
        </test-method> <!-- getdata -->
      </class> <!-- sample02.Sample_read02 -->
    </test> <!-- Default test -->
  </suite> <!-- Default suite -->
</testng-results>
